<?xml version="1.0" encoding="UTF-8"?>
<!-- Generated by org.testng.reporters.JUnitXMLReporter -->
<testsuite hostname="USBBCNU417B5D6" name="BuildResult" tests="6" failures="0" timestamp="14 Feb 2017 02:48:25 GMT" time="40.56" errors="0">
  <testcase name="f" time="0.039" classname="testng.first_program"/>
  <testcase name="g" time="0.001" classname="testng.NewTest"/>
  <testcase name="h" time="0.001" classname="testng.NewTest"/>
  <testcase name="f" time="1.925" classname="testng.Second_program"/>
  <testcase name="e" time="0.002" classname="testng.third_program_methods"/>
  <testcase name="f" time="0.002" classname="testng.third_program_methods"/>
</testsuite> <!-- BuildResult -->
