<?xml version="1.0" encoding="UTF-8"?>
<!-- Generated by org.testng.reporters.JUnitXMLReporter -->
<testsuite hostname="USBBCNU417B5D6" name="BuildResult1" tests="2" failures="1" timestamp="15 Feb 2017 12:34:52 GMT" time="28.885" errors="0">
  <testcase name="f" time="28.828" classname="justrechargeit.browser_launch"/>
  <testcase name="f1" time="0.006" classname="justrechargeit.Login">
    <failure type="java.lang.NullPointerException">
      <![CDATA[java.lang.NullPointerException
	at justrechargeit.Login.f1(Login.java:11)
... Removed 25 stack frames]]>
    </failure>
  </testcase> <!-- f1 -->
</testsuite> <!-- BuildResult1 -->
